<?xml version="1.0" encoding="UTF-8" ?>
<testsuite skipped="1" tests="4" failures="0" errors="0" name="test.JobModelTest" time="0.931">
  <properties>
[...]
</properties>
  <testcase classname="test.JobModelTest" name="testModelNoValidate" time="0.451"/>
  <testcase classname="test.JobModelTest" name="testModelValidate" time="0.276"/>
  <testcase classname="test.JobModelTest" name="testValidateInvalid" time="0.174"/>
  <testcase classname="test.JobModelTest" name="testValidateInvalidEmptyString" time="0.175">
    <skipped/>
  </testcase>
</testsuite>